2025-04-16 01:37:14,795 [INFO] Rows in file: 2503
2025-04-16 01:38:43,270 [ERROR] /batch error: "None of [Index(['est_cwt_min_applied', 'est_area_min_applied', 'est_min_rule_applied'], dtype='object')] are in the [columns]"
2025-04-16 01:39:04,535 [INFO] Rows in file: 2503
2025-04-16 12:13:47,463 [INFO] Received columns: ['site', 'site_description', 'supplier_no', 'supplier_name', 'invoice_id', 'invoice_no', 'date_posted', 'project_id', 'project_name', 'account', 'account_description', 'planned_delivery_date', 'ship_to_zip', 'po_no', 'po_line_no', 'po_rel_no', 'receipt_no', 'part_no', 'part_description', 'comm_1', 'comm_2', 'po_purch_qty', 'purch_uom', 'po_inv_qty', 'inv_uom', 'invoiced_line_qty', 'invoice_line_total', 'po_price', 'commodity_group', 'description', 'old/new', 'priority', 'match_commodity', 'match_supplier', 'classification', 'new_commodity_description', 'new_commodity_group', 'conversion_code', 'all_accounts_2008_uom_classified', 'all_2008_accounts_converted', 'has_freight_line', 'multiple_freight_lines', 'multiple_parts', 'multiple_commodities', 'all__invoice_priority_products_(2008)', 'any__invoice_priority_products_(2008)', 'freight_per_invoice']
2025-04-16 12:13:47,554 [INFO] Sample input:
  site  site_description supplier_no           supplier_name  ...  multiple_commodities all__invoice_priority_products_(2008) any__invoice_priority_products_(2008) freight_per_invoice
0  DIT  Diverzify Itasca         890            All Surfaces  ...                 False                                  True                                  True               54.55
1  DIT  Diverzify Itasca      108164  Mannington Mills, Inc.  ...                 False                                  True                                  True               49.55
2  DIT  Diverzify Itasca         890            All Surfaces  ...                 False                                  True                                  True              159.86

[3 rows x 47 columns]
2025-04-16 12:16:54,350 [INFO] Received columns: ['site', 'site_description', 'supplier_no', 'supplier_name', 'invoice_id', 'invoice_no', 'date_posted', 'project_id', 'project_name', 'account', 'account_description', 'planned_delivery_date', 'ship_to_zip', 'po_no', 'po_line_no', 'po_rel_no', 'receipt_no', 'part_no', 'part_description', 'comm_1', 'comm_2', 'po_purch_qty', 'purch_uom', 'po_inv_qty', 'inv_uom', 'invoiced_line_qty', 'invoice_line_total', 'po_price', 'commodity_group', 'description', 'old/new', 'priority', 'match_commodity', 'match_supplier', 'classification', 'new_commodity_description', 'new_commodity_group', 'conversion_code', 'all_accounts_2008_uom_classified', 'all_2008_accounts_converted', 'has_freight_line', 'multiple_freight_lines', 'multiple_parts', 'multiple_commodities', 'all__invoice_priority_products_(2008)', 'any__invoice_priority_products_(2008)', 'freight_per_invoice']
2025-04-16 12:16:54,595 [INFO] Sample input:
  site  site_description supplier_no  ... all__invoice_priority_products_(2008)  any__invoice_priority_products_(2008) freight_per_invoice
0  DIT  Diverzify Itasca         890  ...                                  True                                   True               54.55
1  DIT  Diverzify Itasca      108164  ...                                  True                                   True               49.55
2  DIT  Diverzify Itasca         890  ...                                  True                                   True              159.86

[3 rows x 47 columns]
2025-04-16 12:29:58,306 [INFO] Received columns: ['site', 'site_description', 'supplier_no', 'supplier_name', 'invoice_id', 'invoice_no', 'date_posted', 'project_id', 'project_name', 'account', 'account_description', 'planned_delivery_date', 'ship_to_zip', 'po_no', 'po_line_no', 'po_rel_no', 'receipt_no', 'part_no', 'part_description', 'comm_1', 'comm_2', 'po_purch_qty', 'purch_uom', 'po_inv_qty', 'inv_uom', 'invoiced_line_qty', 'invoice_line_total', 'po_price', 'commodity_group', 'description', 'old/new', 'priority', 'match_commodity', 'match_supplier', 'classification', 'new_commodity_description', 'new_commodity_group', 'conversion_code', 'all_accounts_2008_uom_classified', 'all_2008_accounts_converted', 'has_freight_line', 'multiple_freight_lines', 'multiple_parts', 'multiple_commodities', 'all__invoice_priority_products_(2008)', 'any__invoice_priority_products_(2008)', 'freight_per_invoice']
2025-04-16 12:29:58,381 [INFO] Sample input:
  site  site_description supplier_no  ... all__invoice_priority_products_(2008)  any__invoice_priority_products_(2008) freight_per_invoice
0  DIT  Diverzify Itasca         890  ...                                  True                                   True               54.55
1  DIT  Diverzify Itasca      108164  ...                                  True                                   True               49.55
2  DIT  Diverzify Itasca         890  ...                                  True                                   True              159.86

[3 rows x 47 columns]
2025-04-16 12:33:34,814 [INFO] Received columns: ['site', 'site_description', 'supplier_no', 'supplier_name', 'invoice_id', 'invoice_no', 'date_posted', 'project_id', 'project_name', 'account', 'account_description', 'planned_delivery_date', 'ship_to_zip', 'po_no', 'po_line_no', 'po_rel_no', 'receipt_no', 'part_no', 'part_description', 'comm_1', 'comm_2', 'po_purch_qty', 'purch_uom', 'po_inv_qty', 'inv_uom', 'invoiced_line_qty', 'invoice_line_total', 'po_price', 'commodity_group', 'description', 'old/new', 'priority', 'match_commodity', 'match_supplier', 'classification', 'new_commodity_description', 'new_commodity_group', 'conversion_code', 'all_accounts_2008_uom_classified', 'all_2008_accounts_converted', 'has_freight_line', 'multiple_freight_lines', 'multiple_parts', 'multiple_commodities', 'all__invoice_priority_products_(2008)', 'any__invoice_priority_products_(2008)', 'freight_per_invoice']
2025-04-16 12:33:35,053 [INFO] Sample input:
  site  site_description supplier_no  ... all__invoice_priority_products_(2008)  any__invoice_priority_products_(2008) freight_per_invoice
0  DIT  Diverzify Itasca         890  ...                                  True                                   True               54.55
1  DIT  Diverzify Itasca      108164  ...                                  True                                   True               49.55
2  DIT  Diverzify Itasca         890  ...                                  True                                   True              159.86

[3 rows x 47 columns]
2025-04-16 12:38:40,010 [INFO] Received columns: ['site', 'site_description', 'supplier_no', 'supplier_name', 'invoice_id', 'invoice_no', 'date_posted', 'project_id', 'project_name', 'account', 'account_description', 'planned_delivery_date', 'ship_to_zip', 'po_no', 'po_line_no', 'po_rel_no', 'receipt_no', 'part_no', 'part_description', 'comm_1', 'comm_2', 'po_purch_qty', 'purch_uom', 'po_inv_qty', 'inv_uom', 'invoiced_line_qty', 'invoice_line_total', 'po_price', 'commodity_group', 'description', 'old/new', 'priority', 'match_commodity', 'match_supplier', 'classification', 'new_commodity_description', 'new_commodity_group', 'conversion_code', 'all_accounts_2008_uom_classified', 'all_2008_accounts_converted', 'has_freight_line', 'multiple_freight_lines', 'multiple_parts', 'multiple_commodities', 'all__invoice_priority_products_(2008)', 'any__invoice_priority_products_(2008)', 'freight_per_invoice']
2025-04-16 12:38:40,066 [INFO] Sample input:
  site  site_description supplier_no  ... all__invoice_priority_products_(2008)  any__invoice_priority_products_(2008) freight_per_invoice
0  DIT  Diverzify Itasca         890  ...                                  True                                   True               54.55
1  DIT  Diverzify Itasca      108164  ...                                  True                                   True               49.55
2  DIT  Diverzify Itasca         890  ...                                  True                                   True              159.86

[3 rows x 47 columns]
2025-04-16 12:42:38,713 [INFO] Received columns: ['site', 'site_description', 'supplier_no', 'supplier_name', 'invoice_id', 'invoice_no', 'date_posted', 'project_id', 'project_name', 'account', 'account_description', 'planned_delivery_date', 'ship_to_zip', 'po_no', 'po_line_no', 'po_rel_no', 'receipt_no', 'part_no', 'part_description', 'comm_1', 'comm_2', 'po_purch_qty', 'purch_uom', 'po_inv_qty', 'inv_uom', 'invoiced_line_qty', 'invoice_line_total', 'po_price', 'commodity_group', 'description', 'old/new', 'priority', 'match_commodity', 'match_supplier', 'classification', 'new_commodity_description', 'new_commodity_group', 'conversion_code', 'all_accounts_2008_uom_classified', 'all_2008_accounts_converted', 'has_freight_line', 'multiple_freight_lines', 'multiple_parts', 'multiple_commodities', 'all__invoice_priority_products_(2008)', 'any__invoice_priority_products_(2008)', 'freight_per_invoice']
2025-04-16 12:42:38,789 [INFO] Sample input:
  site  site_description supplier_no  ... all__invoice_priority_products_(2008)  any__invoice_priority_products_(2008) freight_per_invoice
0  DIT  Diverzify Itasca         890  ...                                  True                                   True               54.55
1  DIT  Diverzify Itasca      108164  ...                                  True                                   True               49.55
2  DIT  Diverzify Itasca         890  ...                                  True                                   True              159.86

[3 rows x 47 columns]
2025-04-16 12:45:37,877 [INFO] Received columns: ['site', 'site_description', 'supplier_no', 'supplier_name', 'invoice_id', 'invoice_no', 'date_posted', 'project_id', 'project_name', 'account', 'account_description', 'planned_delivery_date', 'ship_to_zip', 'po_no', 'po_line_no', 'po_rel_no', 'receipt_no', 'part_no', 'part_description', 'comm_1', 'comm_2', 'po_purch_qty', 'purch_uom', 'po_inv_qty', 'inv_uom', 'invoiced_line_qty', 'invoice_line_total', 'po_price', 'commodity_group', 'description', 'old/new', 'priority', 'match_commodity', 'match_supplier', 'classification', 'new_commodity_description', 'new_commodity_group', 'conversion_code', 'all_accounts_2008_uom_classified', 'all_2008_accounts_converted', 'has_freight_line', 'multiple_freight_lines', 'multiple_parts', 'multiple_commodities', 'all__invoice_priority_products_(2008)', 'any__invoice_priority_products_(2008)', 'freight_per_invoice']
2025-04-16 12:45:37,957 [INFO] Sample input:
  site  site_description supplier_no  ... all__invoice_priority_products_(2008)  any__invoice_priority_products_(2008) freight_per_invoice
0  DIT  Diverzify Itasca         890  ...                                  True                                   True               54.55
1  DIT  Diverzify Itasca      108164  ...                                  True                                   True               49.55
2  DIT  Diverzify Itasca         890  ...                                  True                                   True              159.86

[3 rows x 47 columns]
2025-04-16 12:51:43,492 [INFO] Received columns: ['site', 'site_description', 'supplier_no', 'supplier_name', 'invoice_id', 'invoice_no', 'date_posted', 'project_id', 'project_name', 'account', 'account_description', 'planned_delivery_date', 'ship_to_zip', 'po_no', 'po_line_no', 'po_rel_no', 'receipt_no', 'part_no', 'part_description', 'comm_1', 'comm_2', 'po_purch_qty', 'purch_uom', 'po_inv_qty', 'inv_uom', 'invoiced_line_qty', 'invoice_line_total', 'po_price', 'commodity_group', 'description', 'old/new', 'priority', 'match_commodity', 'match_supplier', 'classification', 'new_commodity_description', 'new_commodity_group', 'conversion_code', 'all_accounts_2008_uom_classified', 'all_2008_accounts_converted', 'has_freight_line', 'multiple_freight_lines', 'multiple_parts', 'multiple_commodities', 'all__invoice_priority_products_(2008)', 'any__invoice_priority_products_(2008)', 'freight_per_invoice']
2025-04-16 12:51:43,562 [INFO] Sample input:
  site  site_description supplier_no  ... all__invoice_priority_products_(2008)  any__invoice_priority_products_(2008) freight_per_invoice
0  DIT  Diverzify Itasca         890  ...                                  True                                   True               54.55
1  DIT  Diverzify Itasca      108164  ...                                  True                                   True               49.55
2  DIT  Diverzify Itasca         890  ...                                  True                                   True              159.86

[3 rows x 47 columns]
2025-04-16 13:16:31,436 [INFO] Received columns: ['site', 'site_description', 'supplier_no', 'supplier_name', 'invoice_id', 'invoice_no', 'date_posted', 'project_id', 'project_name', 'account', 'account_description', 'planned_delivery_date', 'ship_to_zip', 'po_no', 'po_line_no', 'po_rel_no', 'receipt_no', 'part_no', 'part_description', 'comm_1', 'comm_2', 'po_purch_qty', 'purch_uom', 'po_inv_qty', 'inv_uom', 'invoiced_line_qty', 'invoice_line_total', 'po_price', 'commodity_group', 'description', 'old/new', 'priority', 'match_commodity', 'match_supplier', 'classification', 'new_commodity_description', 'new_commodity_group', 'conversion_code', 'all_accounts_2008_uom_classified', 'all_2008_accounts_converted', 'has_freight_line', 'multiple_freight_lines', 'multiple_parts', 'multiple_commodities', 'all__invoice_priority_products_(2008)', 'any__invoice_priority_products_(2008)', 'freight_per_invoice']
2025-04-16 13:16:31,514 [INFO] Sample input:
  site  site_description supplier_no  ... all__invoice_priority_products_(2008)  any__invoice_priority_products_(2008) freight_per_invoice
0  DIT  Diverzify Itasca         890  ...                                  True                                   True               54.55
1  DIT  Diverzify Itasca      108164  ...                                  True                                   True               49.55
2  DIT  Diverzify Itasca         890  ...                                  True                                   True              159.86

[3 rows x 47 columns]
2025-04-16 13:23:38,915 [INFO] Received columns: ['site', 'site_description', 'supplier_no', 'supplier_name', 'invoice_id', 'invoice_no', 'date_posted', 'project_id', 'project_name', 'account', 'account_description', 'planned_delivery_date', 'ship_to_zip', 'po_no', 'po_line_no', 'po_rel_no', 'receipt_no', 'part_no', 'part_description', 'comm_1', 'comm_2', 'po_purch_qty', 'purch_uom', 'po_inv_qty', 'inv_uom', 'invoiced_line_qty', 'invoice_line_total', 'po_price', 'commodity_group', 'description', 'old/new', 'priority', 'match_commodity', 'match_supplier', 'classification', 'new_commodity_description', 'new_commodity_group', 'conversion_code', 'all_accounts_2008_uom_classified', 'all_2008_accounts_converted', 'has_freight_line', 'multiple_freight_lines', 'multiple_parts', 'multiple_commodities', 'all__invoice_priority_products_(2008)', 'any__invoice_priority_products_(2008)', 'freight_per_invoice']
2025-04-16 13:23:38,994 [INFO] Sample input:
  site  site_description supplier_no  ... all__invoice_priority_products_(2008)  any__invoice_priority_products_(2008) freight_per_invoice
0  DIT  Diverzify Itasca         890  ...                                  True                                   True               54.55
1  DIT  Diverzify Itasca      108164  ...                                  True                                   True               49.55
2  DIT  Diverzify Itasca         890  ...                                  True                                   True              159.86

[3 rows x 47 columns]
2025-04-16 13:34:12,840 [INFO] Received columns: ['site', 'site_description', 'supplier_no', 'supplier_name', 'invoice_id', 'invoice_no', 'date_posted', 'project_id', 'project_name', 'account', 'account_description', 'planned_delivery_date', 'ship_to_zip', 'po_no', 'po_line_no', 'po_rel_no', 'receipt_no', 'part_no', 'part_description', 'comm_1', 'comm_2', 'po_purch_qty', 'purch_uom', 'po_inv_qty', 'inv_uom', 'invoiced_line_qty', 'invoice_line_total', 'po_price', 'commodity_group', 'description', 'old/new', 'priority', 'match_commodity', 'match_supplier', 'classification', 'new_commodity_description', 'new_commodity_group', 'conversion_code', 'all_accounts_2008_uom_classified', 'all_2008_accounts_converted', 'has_freight_line', 'multiple_freight_lines', 'multiple_parts', 'multiple_commodities', 'all__invoice_priority_products_(2008)', 'any__invoice_priority_products_(2008)', 'freight_per_invoice']
2025-04-16 13:34:13,149 [INFO] Sample input:
  site  site_description supplier_no  ... all__invoice_priority_products_(2008)  any__invoice_priority_products_(2008) freight_per_invoice
0  DIT  Diverzify Itasca         890  ...                                  True                                   True               54.55
1  DIT  Diverzify Itasca      108164  ...                                  True                                   True               49.55
2  DIT  Diverzify Itasca         890  ...                                  True                                   True              159.86

[3 rows x 47 columns]
2025-04-16 13:39:53,879 [INFO] Received columns: ['site', 'site_description', 'supplier_no', 'supplier_name', 'invoice_id', 'invoice_no', 'date_posted', 'project_id', 'project_name', 'account', 'account_description', 'planned_delivery_date', 'ship_to_zip', 'po_no', 'po_line_no', 'po_rel_no', 'receipt_no', 'part_no', 'part_description', 'comm_1', 'comm_2', 'po_purch_qty', 'purch_uom', 'po_inv_qty', 'inv_uom', 'invoiced_line_qty', 'invoice_line_total', 'po_price', 'commodity_group', 'description', 'old/new', 'priority', 'match_commodity', 'match_supplier', 'classification', 'new_commodity_description', 'new_commodity_group', 'conversion_code', 'all_accounts_2008_uom_classified', 'all_2008_accounts_converted', 'has_freight_line', 'multiple_freight_lines', 'multiple_parts', 'multiple_commodities', 'all__invoice_priority_products_(2008)', 'any__invoice_priority_products_(2008)', 'freight_per_invoice']
2025-04-16 13:39:54,085 [INFO] Sample input:
  site  site_description supplier_no  ... all__invoice_priority_products_(2008)  any__invoice_priority_products_(2008) freight_per_invoice
0  DIT  Diverzify Itasca         890  ...                                  True                                   True               54.55
1  DIT  Diverzify Itasca      108164  ...                                  True                                   True               49.55
2  DIT  Diverzify Itasca         890  ...                                  True                                   True              159.86

[3 rows x 47 columns]
2025-04-16 13:44:23,722 [INFO] Received columns: ['site', 'site_description', 'supplier_no', 'supplier_name', 'invoice_id', 'invoice_no', 'date_posted', 'project_id', 'project_name', 'account', 'account_description', 'planned_delivery_date', 'ship_to_zip', 'po_no', 'po_line_no', 'po_rel_no', 'receipt_no', 'part_no', 'part_description', 'comm_1', 'comm_2', 'po_purch_qty', 'purch_uom', 'po_inv_qty', 'inv_uom', 'invoiced_line_qty', 'invoice_line_total', 'po_price', 'commodity_group', 'description', 'old/new', 'priority', 'match_commodity', 'match_supplier', 'classification', 'new_commodity_description', 'new_commodity_group', 'conversion_code', 'all_accounts_2008_uom_classified', 'all_2008_accounts_converted', 'has_freight_line', 'multiple_freight_lines', 'multiple_parts', 'multiple_commodities', 'all__invoice_priority_products_(2008)', 'any__invoice_priority_products_(2008)', 'freight_per_invoice']
2025-04-16 13:44:23,870 [INFO] Sample input:
  site  site_description supplier_no  ... all__invoice_priority_products_(2008)  any__invoice_priority_products_(2008) freight_per_invoice
0  DIT  Diverzify Itasca         890  ...                                  True                                   True               54.55
1  DIT  Diverzify Itasca      108164  ...                                  True                                   True               49.55
2  DIT  Diverzify Itasca         890  ...                                  True                                   True              159.86

[3 rows x 47 columns]
2025-04-16 13:49:31,450 [INFO] Received columns: ['site', 'site_description', 'supplier_no', 'supplier_name', 'invoice_id', 'invoice_no', 'date_posted', 'project_id', 'project_name', 'account', 'account_description', 'planned_delivery_date', 'ship_to_zip', 'po_no', 'po_line_no', 'po_rel_no', 'receipt_no', 'part_no', 'part_description', 'comm_1', 'comm_2', 'po_purch_qty', 'purch_uom', 'po_inv_qty', 'inv_uom', 'invoiced_line_qty', 'invoice_line_total', 'po_price', 'commodity_group', 'description', 'old/new', 'priority', 'match_commodity', 'match_supplier', 'classification', 'new_commodity_description', 'new_commodity_group', 'conversion_code', 'all_accounts_2008_uom_classified', 'all_2008_accounts_converted', 'has_freight_line', 'multiple_freight_lines', 'multiple_parts', 'multiple_commodities', 'all__invoice_priority_products_(2008)', 'any__invoice_priority_products_(2008)', 'freight_per_invoice']
2025-04-16 13:49:31,520 [INFO] Sample input:
  site  site_description supplier_no  ... all__invoice_priority_products_(2008)  any__invoice_priority_products_(2008) freight_per_invoice
0  DIT  Diverzify Itasca         890  ...                                  True                                   True               54.55
1  DIT  Diverzify Itasca      108164  ...                                  True                                   True               49.55
2  DIT  Diverzify Itasca         890  ...                                  True                                   True              159.86

[3 rows x 47 columns]
2025-04-16 13:55:56,361 [INFO] Received columns: ['site', 'site_description', 'supplier_no', 'supplier_name', 'invoice_id', 'invoice_no', 'date_posted', 'project_id', 'project_name', 'account', 'account_description', 'planned_delivery_date', 'ship_to_zip', 'po_no', 'po_line_no', 'po_rel_no', 'receipt_no', 'part_no', 'part_description', 'comm_1', 'comm_2', 'po_purch_qty', 'purch_uom', 'po_inv_qty', 'inv_uom', 'invoiced_line_qty', 'invoice_line_total', 'po_price', 'commodity_group', 'description', 'old/new', 'priority', 'match_commodity', 'match_supplier', 'classification', 'new_commodity_description', 'new_commodity_group', 'conversion_code', 'all_accounts_2008_uom_classified', 'all_2008_accounts_converted', 'has_freight_line', 'multiple_freight_lines', 'multiple_parts', 'multiple_commodities', 'all__invoice_priority_products_(2008)', 'any__invoice_priority_products_(2008)', 'freight_per_invoice']
2025-04-16 13:55:56,584 [INFO] Sample input:
  site  site_description supplier_no           supplier_name  ...  multiple_commodities all__invoice_priority_products_(2008) any__invoice_priority_products_(2008) freight_per_invoice
0  DIT  Diverzify Itasca         890            All Surfaces  ...                 False                                  True                                  True               54.55
1  DIT  Diverzify Itasca      108164  Mannington Mills, Inc.  ...                 False                                  True                                  True               49.55
2  DIT  Diverzify Itasca         890            All Surfaces  ...                 False                                  True                                  True              159.86

[3 rows x 47 columns]
2025-04-16 14:00:25,147 [INFO] Received columns: ['site', 'site_description', 'supplier_no', 'supplier_name', 'invoice_id', 'invoice_no', 'date_posted', 'project_id', 'project_name', 'account', 'account_description', 'planned_delivery_date', 'ship_to_zip', 'po_no', 'po_line_no', 'po_rel_no', 'receipt_no', 'part_no', 'part_description', 'comm_1', 'comm_2', 'po_purch_qty', 'purch_uom', 'po_inv_qty', 'inv_uom', 'invoiced_line_qty', 'invoice_line_total', 'po_price', 'commodity_group', 'description', 'old/new', 'priority', 'match_commodity', 'match_supplier', 'classification', 'new_commodity_description', 'new_commodity_group', 'conversion_code', 'all_accounts_2008_uom_classified', 'all_2008_accounts_converted', 'has_freight_line', 'multiple_freight_lines', 'multiple_parts', 'multiple_commodities', 'all__invoice_priority_products_(2008)', 'any__invoice_priority_products_(2008)', 'freight_per_invoice']
2025-04-16 14:00:25,248 [INFO] Sample input:
  site  site_description supplier_no           supplier_name  ...  multiple_commodities all__invoice_priority_products_(2008) any__invoice_priority_products_(2008) freight_per_invoice
0  DIT  Diverzify Itasca         890            All Surfaces  ...                 False                                  True                                  True               54.55
1  DIT  Diverzify Itasca      108164  Mannington Mills, Inc.  ...                 False                                  True                                  True               49.55
2  DIT  Diverzify Itasca         890            All Surfaces  ...                 False                                  True                                  True              159.86

[3 rows x 47 columns]
2025-04-16 14:05:58,793 [INFO] Received columns: ['site', 'site_description', 'supplier_no', 'supplier_name', 'invoice_id', 'invoice_no', 'date_posted', 'project_id', 'project_name', 'account', 'account_description', 'planned_delivery_date', 'ship_to_zip', 'po_no', 'po_line_no', 'po_rel_no', 'receipt_no', 'part_no', 'part_description', 'comm_1', 'comm_2', 'po_purch_qty', 'purch_uom', 'po_inv_qty', 'inv_uom', 'invoiced_line_qty', 'invoice_line_total', 'po_price', 'commodity_group', 'description', 'old/new', 'priority', 'match_commodity', 'match_supplier', 'classification', 'new_commodity_description', 'new_commodity_group', 'conversion_code', 'all_accounts_2008_uom_classified', 'all_2008_accounts_converted', 'has_freight_line', 'multiple_freight_lines', 'multiple_parts', 'multiple_commodities', 'all__invoice_priority_products_(2008)', 'any__invoice_priority_products_(2008)', 'freight_per_invoice']
2025-04-16 14:05:58,922 [INFO] Sample input:
  site  site_description supplier_no           supplier_name  ...  multiple_commodities all__invoice_priority_products_(2008) any__invoice_priority_products_(2008) freight_per_invoice
0  DIT  Diverzify Itasca         890            All Surfaces  ...                 False                                  True                                  True               54.55
1  DIT  Diverzify Itasca      108164  Mannington Mills, Inc.  ...                 False                                  True                                  True               49.55
2  DIT  Diverzify Itasca         890            All Surfaces  ...                 False                                  True                                  True              159.86

[3 rows x 47 columns]
2025-04-16 14:14:12,269 [INFO] Received columns: ['site', 'site_description', 'supplier_no', 'supplier_name', 'invoice_id', 'invoice_no', 'date_posted', 'project_id', 'project_name', 'account', 'account_description', 'planned_delivery_date', 'ship_to_zip', 'po_no', 'po_line_no', 'po_rel_no', 'receipt_no', 'part_no', 'part_description', 'comm_1', 'comm_2', 'po_purch_qty', 'purch_uom', 'po_inv_qty', 'inv_uom', 'invoiced_line_qty', 'invoice_line_total', 'po_price', 'commodity_group', 'description', 'old/new', 'priority', 'match_commodity', 'match_supplier', 'classification', 'new_commodity_description', 'new_commodity_group', 'conversion_code', 'all_accounts_2008_uom_classified', 'all_2008_accounts_converted', 'has_freight_line', 'multiple_freight_lines', 'multiple_parts', 'multiple_commodities', 'all__invoice_priority_products_(2008)', 'any__invoice_priority_products_(2008)', 'freight_per_invoice']
2025-04-16 14:14:12,332 [INFO] Sample input:
  site  site_description supplier_no           supplier_name  ...  multiple_commodities all__invoice_priority_products_(2008) any__invoice_priority_products_(2008) freight_per_invoice
0  DIT  Diverzify Itasca         890            All Surfaces  ...                 False                                  True                                  True               54.55
1  DIT  Diverzify Itasca      108164  Mannington Mills, Inc.  ...                 False                                  True                                  True               49.55
2  DIT  Diverzify Itasca         890            All Surfaces  ...                 False                                  True                                  True              159.86

[3 rows x 47 columns]
2025-04-16 14:18:36,202 [INFO] Received columns: ['site', 'site_description', 'supplier_no', 'supplier_name', 'invoice_id', 'invoice_no', 'date_posted', 'project_id', 'project_name', 'account', 'account_description', 'planned_delivery_date', 'ship_to_zip', 'po_no', 'po_line_no', 'po_rel_no', 'receipt_no', 'part_no', 'part_description', 'comm_1', 'comm_2', 'po_purch_qty', 'purch_uom', 'po_inv_qty', 'inv_uom', 'invoiced_line_qty', 'invoice_line_total', 'po_price', 'commodity_group', 'description', 'old/new', 'priority', 'match_commodity', 'match_supplier', 'classification', 'new_commodity_description', 'new_commodity_group', 'conversion_code', 'all_accounts_2008_uom_classified', 'all_2008_accounts_converted', 'has_freight_line', 'multiple_freight_lines', 'multiple_parts', 'multiple_commodities', 'all__invoice_priority_products_(2008)', 'any__invoice_priority_products_(2008)', 'freight_per_invoice']
2025-04-16 14:18:36,268 [INFO] Sample input:
  site  site_description supplier_no           supplier_name  ...  multiple_commodities all__invoice_priority_products_(2008) any__invoice_priority_products_(2008) freight_per_invoice
0  DIT  Diverzify Itasca         890            All Surfaces  ...                 False                                  True                                  True               54.55
1  DIT  Diverzify Itasca      108164  Mannington Mills, Inc.  ...                 False                                  True                                  True               49.55
2  DIT  Diverzify Itasca         890            All Surfaces  ...                 False                                  True                                  True              159.86

[3 rows x 47 columns]
2025-04-16 14:21:07,606 [INFO] Received columns: ['site', 'site_description', 'supplier_no', 'supplier_name', 'invoice_id', 'invoice_no', 'date_posted', 'project_id', 'project_name', 'account', 'account_description', 'planned_delivery_date', 'ship_to_zip', 'po_no', 'po_line_no', 'po_rel_no', 'receipt_no', 'part_no', 'part_description', 'comm_1', 'comm_2', 'po_purch_qty', 'purch_uom', 'po_inv_qty', 'inv_uom', 'invoiced_line_qty', 'invoice_line_total', 'po_price', 'commodity_group', 'description', 'old/new', 'priority', 'match_commodity', 'match_supplier', 'classification', 'new_commodity_description', 'new_commodity_group', 'conversion_code', 'all_accounts_2008_uom_classified', 'all_2008_accounts_converted', 'has_freight_line', 'multiple_freight_lines', 'multiple_parts', 'multiple_commodities', 'all__invoice_priority_products_(2008)', 'any__invoice_priority_products_(2008)', 'freight_per_invoice']
2025-04-16 14:21:07,710 [INFO] Sample input:
  site  site_description supplier_no           supplier_name  ...  multiple_commodities all__invoice_priority_products_(2008) any__invoice_priority_products_(2008) freight_per_invoice
0  DIT  Diverzify Itasca         890            All Surfaces  ...                 False                                  True                                  True               54.55
1  DIT  Diverzify Itasca      108164  Mannington Mills, Inc.  ...                 False                                  True                                  True               49.55
2  DIT  Diverzify Itasca         890            All Surfaces  ...                 False                                  True                                  True              159.86

[3 rows x 47 columns]
2025-04-16 14:29:29,198 [INFO] Received columns: ['site', 'site_description', 'supplier_no', 'supplier_name', 'invoice_id', 'invoice_no', 'date_posted', 'project_id', 'project_name', 'account', 'account_description', 'planned_delivery_date', 'ship_to_zip', 'po_no', 'po_line_no', 'po_rel_no', 'receipt_no', 'part_no', 'part_description', 'comm_1', 'comm_2', 'po_purch_qty', 'purch_uom', 'po_inv_qty', 'inv_uom', 'invoiced_line_qty', 'invoice_line_total', 'po_price', 'commodity_group', 'description', 'old/new', 'priority', 'match_commodity', 'match_supplier', 'classification', 'new_commodity_description', 'new_commodity_group', 'conversion_code', 'all_accounts_2008_uom_classified', 'all_2008_accounts_converted', 'has_freight_line', 'multiple_freight_lines', 'multiple_parts', 'multiple_commodities', 'all__invoice_priority_products_(2008)', 'any__invoice_priority_products_(2008)', 'freight_per_invoice']
2025-04-16 14:29:29,276 [INFO] Sample input:
  site  site_description supplier_no           supplier_name  ...  multiple_commodities all__invoice_priority_products_(2008) any__invoice_priority_products_(2008) freight_per_invoice
0  DIT  Diverzify Itasca         890            All Surfaces  ...                 False                                  True                                  True               54.55
1  DIT  Diverzify Itasca      108164  Mannington Mills, Inc.  ...                 False                                  True                                  True               49.55
2  DIT  Diverzify Itasca         890            All Surfaces  ...                 False                                  True                                  True              159.86

[3 rows x 47 columns]
2025-04-16 14:38:24,891 [INFO] Rows in file: 127
2025-04-16 14:52:42,616 [INFO] Rows in file: 127
2025-04-16 15:01:57,717 [INFO] Rows in file: 2503
2025-04-16 15:41:39,434 [INFO] Rows in file: 2503
2025-04-16 15:44:55,456 [INFO] Rows in file: 2503
2025-04-16 15:52:29,343 [INFO] Rows in file: 2503
2025-04-16 15:54:10,557 [INFO] Rows in file: 2503
2025-04-16 15:59:51,919 [INFO] Rows in file: 2503
2025-04-16 16:04:42,271 [INFO] Rows in file: 127
2025-04-16 16:05:17,002 [INFO] Rows in file: 2503
2025-04-16 16:56:53,895 [INFO] Rows in file: 2503
